Using pre-set license
Built from '2020.3/staging' branch; Version is '2020.3.9f1 (108be757e447) revision 1084391'; Using compiler version '192528614'; Build Type 'Release'
OS: 'Windows 10 Pro; OS build 19042.985; Version 2009; 64bit' Language: 'en' Physical Memory: 8067 MB
BatchMode: 1, IsHumanControllingUs: 0, StartBugReporterOnCrash: 0, Is64bit: 1, IsPro: 0

 COMMAND LINE ARGUMENTS:
C:\Program Files\Unity\Hub\Editor\2020.3.9f1\Editor\Unity.exe
-adb2
-batchMode
-noUpm
-name
AssetImportWorker0
-projectPath
C:/Users/eliju/OneDrive/Desktop/Univeras/3k/Ismanieji irenginiai/2048/2048
-logFile
Logs/AssetImportWorker0.log
-srvPort
52967
Successfully changed project path to: C:/Users/eliju/OneDrive/Desktop/Univeras/3k/Ismanieji irenginiai/2048/2048
C:/Users/eliju/OneDrive/Desktop/Univeras/3k/Ismanieji irenginiai/2048/2048
Using Asset Import Pipeline V2.
Refreshing native plugins compatible for Editor in 46.02 ms, found 1 plugins.
Preloading 0 native plugins for Editor in 0.00 ms.
Initialize engine version: 2020.3.9f1 (108be757e447)
[Subsystems] Discovering subsystems at path C:/Program Files/Unity/Hub/Editor/2020.3.9f1/Editor/Data/Resources/UnitySubsystems
[Subsystems] Discovering subsystems at path C:/Users/eliju/OneDrive/Desktop/Univeras/3k/Ismanieji irenginiai/2048/2048/Assets
GfxDevice: creating device client; threaded=0
Direct3D:
    Version:  Direct3D 11.0 [level 11.1]
    Renderer: NVIDIA GeForce GTX 1050 (ID=0x1c8d)
    Vendor:   
    VRAM:     1979 MB
    Driver:   27.21.14.6589
Initialize mono
Mono path[0] = 'C:/Program Files/Unity/Hub/Editor/2020.3.9f1/Editor/Data/Managed'
Mono path[1] = 'C:/Program Files/Unity/Hub/Editor/2020.3.9f1/Editor/Data/MonoBleedingEdge/lib/mono/unityjit'
Mono config path = 'C:/Program Files/Unity/Hub/Editor/2020.3.9f1/Editor/Data/MonoBleedingEdge/etc'
Using monoOptions --debugger-agent=transport=dt_socket,embedding=1,server=y,suspend=n,address=127.0.0.1:56256
Begin MonoManager ReloadAssembly
Registering precompiled unity dll's ...
Register platform support module: C:/Program Files/Unity/Hub/Editor/2020.3.9f1/Editor/Data/PlaybackEngines/WebGLSupport/UnityEditor.WebGL.Extensions.dll
Register platform support module: C:/Program Files/Unity/Hub/Editor/2020.3.9f1/Editor/Data/PlaybackEngines/WindowsStandaloneSupport/UnityEditor.WindowsStandalone.Extensions.dll
Registered in 0.003097 seconds.
Native extension for WindowsStandalone target not found
Native extension for WebGL target not found
Refreshing native plugins compatible for Editor in 43.16 ms, found 1 plugins.
Preloading 0 native plugins for Editor in 0.00 ms.
Mono: successfully reloaded assembly
- Completed reload, in  1.445 seconds
Platform modules already initialized, skipping
Registering precompiled user dll's ...
Registered in 0.001157 seconds.
Begin MonoManager ReloadAssembly
Native extension for WindowsStandalone target not found
Native extension for WebGL target not found
Refreshing native plugins compatible for Editor in 46.86 ms, found 1 plugins.
Preloading 0 native plugins for Editor in 0.00 ms.
Mono: successfully reloaded assembly
- Completed reload, in  1.251 seconds
Platform modules already initialized, skipping
========================================================================
Worker process is ready to serve import requests
Launched and connected shader compiler UnityShaderCompiler.exe after 0.19 seconds
Refreshing native plugins compatible for Editor in 0.37 ms, found 1 plugins.
Preloading 0 native plugins for Editor in 0.00 ms.
Unloading 1810 Unused Serialized files (Serialized files now loaded: 0)
System memory in use before: 85.6 MB.
System memory in use after: 85.6 MB.

Unloading 24 unused Assets to reduce memory usage. Loaded Objects now: 2253.
Total: 2.497900 ms (FindLiveObjects: 0.185300 ms CreateObjectMapping: 0.097600 ms MarkObjects: 2.021100 ms  DeleteObjects: 0.192600 ms)

========================================================================
Received Import Request.
  path: Assets/Scripts/Game.cs
  artifactKey: Guid(9c534372f399fd244bb38de70821f2fe) Importer(815301076,1909f56bfc062723c751e8b465ee728b)
Start importing Assets/Scripts/Game.cs using Guid(9c534372f399fd244bb38de70821f2fe) Importer(815301076,1909f56bfc062723c751e8b465ee728b)  -> (artifact id: '57a1de2691da7980a5a0ffc98ac211b3') in 0.120844 seconds
  Import took 0.166367 seconds .

========================================================================
Received Import Request.
  Time since last request: 850.925826 seconds.
  path: Assets/Scripts/Game.cs
  artifactKey: Guid(9c534372f399fd244bb38de70821f2fe) Importer(815301076,1909f56bfc062723c751e8b465ee728b)
Start importing Assets/Scripts/Game.cs using Guid(9c534372f399fd244bb38de70821f2fe) Importer(815301076,1909f56bfc062723c751e8b465ee728b)  -> (artifact id: '10f643547b5618b67206a4d6975ac59a') in 0.013190 seconds
  Import took 0.084900 seconds .

========================================================================
Received Import Request.
  Time since last request: 0.261309 seconds.
  path: Assets/Scripts/Game.cs
  artifactKey: Guid(9c534372f399fd244bb38de70821f2fe) Importer(815301076,1909f56bfc062723c751e8b465ee728b)
Start importing Assets/Scripts/Game.cs using Guid(9c534372f399fd244bb38de70821f2fe) Importer(815301076,1909f56bfc062723c751e8b465ee728b)  -> (artifact id: '10f643547b5618b67206a4d6975ac59a') in 0.006945 seconds
  Import took 0.118822 seconds .

========================================================================
Received Prepare
Registering precompiled user dll's ...
Registered in 0.001305 seconds.
Begin MonoManager ReloadAssembly
Native extension for WindowsStandalone target not found
Native extension for WebGL target not found
Refreshing native plugins compatible for Editor in 0.40 ms, found 1 plugins.
Preloading 0 native plugins for Editor in 0.00 ms.
Mono: successfully reloaded assembly
- Completed reload, in  1.764 seconds
Platform modules already initialized, skipping
Refreshing native plugins compatible for Editor in 0.63 ms, found 1 plugins.
Preloading 0 native plugins for Editor in 0.00 ms.
Unloading 1805 Unused Serialized files (Serialized files now loaded: 0)
System memory in use before: 85.6 MB.
System memory in use after: 85.5 MB.

Unloading 12 unused Assets to reduce memory usage. Loaded Objects now: 2257.
Total: 5.689500 ms (FindLiveObjects: 1.155300 ms CreateObjectMapping: 0.555800 ms MarkObjects: 3.797600 ms  DeleteObjects: 0.177200 ms)

========================================================================
Received Import Request.
  Time since last request: 55.171761 seconds.
  path: Assets/Sounds/Click.wav
  artifactKey: Guid(d855e49e9224d6745a42aee37bd8c79e) Importer(815301076,1909f56bfc062723c751e8b465ee728b)
Start importing Assets/Sounds/Click.wav using Guid(d855e49e9224d6745a42aee37bd8c79e) Importer(815301076,1909f56bfc062723c751e8b465ee728b)  -> (artifact id: '623e977e03bd6cc3f062d7b62122c4aa') in 2.903663 seconds
  Import took 2.982179 seconds .

========================================================================
Received Import Request.
  Time since last request: 129.028141 seconds.
  path: Assets/Scripts/NotATile.cs
  artifactKey: Guid(e1cb6317ac71dc44d8b5229f0b9f8370) Importer(815301076,1909f56bfc062723c751e8b465ee728b)
Start importing Assets/Scripts/NotATile.cs using Guid(e1cb6317ac71dc44d8b5229f0b9f8370) Importer(815301076,1909f56bfc062723c751e8b465ee728b)  -> (artifact id: 'accb5a49a2d8de42125912a7f728f8a6') in 0.015424 seconds
  Import took 0.057821 seconds .

========================================================================
Received Prepare
Registering precompiled user dll's ...
Registered in 0.001323 seconds.
Begin MonoManager ReloadAssembly
Native extension for WindowsStandalone target not found
Native extension for WebGL target not found
Refreshing native plugins compatible for Editor in 0.40 ms, found 1 plugins.
Preloading 0 native plugins for Editor in 0.00 ms.
Mono: successfully reloaded assembly
- Completed reload, in  1.204 seconds
Platform modules already initialized, skipping
Refreshing native plugins compatible for Editor in 0.38 ms, found 1 plugins.
Preloading 0 native plugins for Editor in 0.00 ms.
Unloading 1806 Unused Serialized files (Serialized files now loaded: 0)
System memory in use before: 88.7 MB.
System memory in use after: 88.7 MB.

Unloading 12 unused Assets to reduce memory usage. Loaded Objects now: 2271.
Total: 3.641800 ms (FindLiveObjects: 0.363300 ms CreateObjectMapping: 0.167300 ms MarkObjects: 2.940900 ms  DeleteObjects: 0.168600 ms)

========================================================================
Received Prepare
Registering precompiled user dll's ...
Registered in 0.006652 seconds.
Begin MonoManager ReloadAssembly
Native extension for WindowsStandalone target not found
Native extension for WebGL target not found
Refreshing native plugins compatible for Editor in 0.49 ms, found 1 plugins.
Preloading 0 native plugins for Editor in 0.00 ms.
Mono: successfully reloaded assembly
- Completed reload, in  1.572 seconds
Platform modules already initialized, skipping
Refreshing native plugins compatible for Editor in 0.58 ms, found 1 plugins.
Preloading 0 native plugins for Editor in 0.00 ms.
Unloading 1806 Unused Serialized files (Serialized files now loaded: 0)
System memory in use before: 88.8 MB.
System memory in use after: 88.7 MB.

Unloading 12 unused Assets to reduce memory usage. Loaded Objects now: 2275.
Total: 4.668000 ms (FindLiveObjects: 0.222100 ms CreateObjectMapping: 0.165900 ms MarkObjects: 4.113400 ms  DeleteObjects: 0.165000 ms)

========================================================================
Received Import Request.
  Time since last request: 977.917403 seconds.
  path: Assets/Scripts/NotATile.cs
  artifactKey: Guid(e1cb6317ac71dc44d8b5229f0b9f8370) Importer(815301076,1909f56bfc062723c751e8b465ee728b)
Start importing Assets/Scripts/NotATile.cs using Guid(e1cb6317ac71dc44d8b5229f0b9f8370) Importer(815301076,1909f56bfc062723c751e8b465ee728b)  -> (artifact id: '70e10777f280b4d79db8e74c89f08af6') in 0.014746 seconds
  Import took 0.195464 seconds .

========================================================================
Received Import Request.
  Time since last request: 50.381917 seconds.
  path: Assets/Scripts/SavedGrid.cs
  artifactKey: Guid(e1cb6317ac71dc44d8b5229f0b9f8370) Importer(815301076,1909f56bfc062723c751e8b465ee728b)
Start importing Assets/Scripts/SavedGrid.cs using Guid(e1cb6317ac71dc44d8b5229f0b9f8370) Importer(815301076,1909f56bfc062723c751e8b465ee728b)  -> (artifact id: '0fcf0bd7fb09c6e4445c2402c64a7855') in 0.046993 seconds
  Import took 0.175727 seconds .

========================================================================
Received Prepare
Registering precompiled user dll's ...
Registered in 0.001346 seconds.
Begin MonoManager ReloadAssembly
Native extension for WindowsStandalone target not found
Native extension for WebGL target not found
Refreshing native plugins compatible for Editor in 0.37 ms, found 1 plugins.
Preloading 0 native plugins for Editor in 0.00 ms.
Mono: successfully reloaded assembly
- Completed reload, in  1.083 seconds
Platform modules already initialized, skipping
Refreshing native plugins compatible for Editor in 0.49 ms, found 1 plugins.
Preloading 0 native plugins for Editor in 0.00 ms.
Unloading 1806 Unused Serialized files (Serialized files now loaded: 0)
System memory in use before: 88.8 MB.
System memory in use after: 88.8 MB.

Unloading 12 unused Assets to reduce memory usage. Loaded Objects now: 2279.
Total: 2.491300 ms (FindLiveObjects: 0.205600 ms CreateObjectMapping: 0.089200 ms MarkObjects: 2.054400 ms  DeleteObjects: 0.140700 ms)

========================================================================
Received Prepare
Registering precompiled user dll's ...
Registered in 0.001208 seconds.
Begin MonoManager ReloadAssembly
Native extension for WindowsStandalone target not found
Native extension for WebGL target not found
Refreshing native plugins compatible for Editor in 0.47 ms, found 1 plugins.
Preloading 0 native plugins for Editor in 0.00 ms.
Mono: successfully reloaded assembly
- Completed reload, in  1.154 seconds
Platform modules already initialized, skipping
Refreshing native plugins compatible for Editor in 1.05 ms, found 1 plugins.
Preloading 0 native plugins for Editor in 0.00 ms.
Unloading 1806 Unused Serialized files (Serialized files now loaded: 0)
System memory in use before: 88.8 MB.
System memory in use after: 88.8 MB.

Unloading 12 unused Assets to reduce memory usage. Loaded Objects now: 2283.
Total: 2.875200 ms (FindLiveObjects: 0.237300 ms CreateObjectMapping: 0.112300 ms MarkObjects: 1.840100 ms  DeleteObjects: 0.684200 ms)

========================================================================
Received Prepare
Registering precompiled user dll's ...
Registered in 0.001863 seconds.
Begin MonoManager ReloadAssembly
Native extension for WindowsStandalone target not found
Native extension for WebGL target not found
Refreshing native plugins compatible for Editor in 0.37 ms, found 1 plugins.
Preloading 0 native plugins for Editor in 0.00 ms.
Mono: successfully reloaded assembly
- Completed reload, in  1.062 seconds
Platform modules already initialized, skipping
Refreshing native plugins compatible for Editor in 0.35 ms, found 1 plugins.
Preloading 0 native plugins for Editor in 0.00 ms.
Unloading 1806 Unused Serialized files (Serialized files now loaded: 0)
System memory in use before: 88.8 MB.
System memory in use after: 88.8 MB.

Unloading 12 unused Assets to reduce memory usage. Loaded Objects now: 2287.
Total: 2.806200 ms (FindLiveObjects: 0.306900 ms CreateObjectMapping: 0.118200 ms MarkObjects: 2.206800 ms  DeleteObjects: 0.173100 ms)

========================================================================
Received Import Request.
  Time since last request: 292.151952 seconds.
  path: Assets/Scripts/SavedGrid.cs
  artifactKey: Guid(e1cb6317ac71dc44d8b5229f0b9f8370) Importer(815301076,1909f56bfc062723c751e8b465ee728b)
Start importing Assets/Scripts/SavedGrid.cs using Guid(e1cb6317ac71dc44d8b5229f0b9f8370) Importer(815301076,1909f56bfc062723c751e8b465ee728b)  -> (artifact id: '0eabcf01226ad477b347418ba3a74274') in 0.018936 seconds
  Import took 0.038919 seconds .

========================================================================
Received Import Request.
  Time since last request: 0.002970 seconds.
  path: Assets/Scripts/SavedGrid.cs
  artifactKey: Guid(e1cb6317ac71dc44d8b5229f0b9f8370) Importer(815301076,1909f56bfc062723c751e8b465ee728b)
Start importing Assets/Scripts/SavedGrid.cs using Guid(e1cb6317ac71dc44d8b5229f0b9f8370) Importer(815301076,1909f56bfc062723c751e8b465ee728b)  -> (artifact id: '0eabcf01226ad477b347418ba3a74274') in 0.020656 seconds
  Import took 0.050351 seconds .

========================================================================
Received Import Request.
  Time since last request: 8.037379 seconds.
  path: Assets/Scripts/SavedTile.cs
  artifactKey: Guid(e1cb6317ac71dc44d8b5229f0b9f8370) Importer(815301076,1909f56bfc062723c751e8b465ee728b)
Start importing Assets/Scripts/SavedTile.cs using Guid(e1cb6317ac71dc44d8b5229f0b9f8370) Importer(815301076,1909f56bfc062723c751e8b465ee728b)  -> (artifact id: '79a929ab1224d09c5a66d7c1d23ecf97') in 0.020588 seconds
  Import took 0.044652 seconds .

========================================================================
Received Prepare
Registering precompiled user dll's ...
Registered in 0.001185 seconds.
Begin MonoManager ReloadAssembly
Native extension for WindowsStandalone target not found
Native extension for WebGL target not found
Refreshing native plugins compatible for Editor in 0.43 ms, found 1 plugins.
Preloading 0 native plugins for Editor in 0.00 ms.
Mono: successfully reloaded assembly
- Completed reload, in  1.668 seconds
Platform modules already initialized, skipping
Refreshing native plugins compatible for Editor in 0.65 ms, found 1 plugins.
Preloading 0 native plugins for Editor in 0.00 ms.
Unloading 1806 Unused Serialized files (Serialized files now loaded: 0)
System memory in use before: 88.8 MB.
System memory in use after: 88.8 MB.

Unloading 12 unused Assets to reduce memory usage. Loaded Objects now: 2291.
Total: 4.368500 ms (FindLiveObjects: 0.267800 ms CreateObjectMapping: 0.155800 ms MarkObjects: 3.800900 ms  DeleteObjects: 0.142100 ms)

========================================================================
Received Prepare
Registering precompiled user dll's ...
Registered in 0.006507 seconds.
Begin MonoManager ReloadAssembly
Native extension for WindowsStandalone target not found
Native extension for WebGL target not found
Refreshing native plugins compatible for Editor in 0.41 ms, found 1 plugins.
Preloading 0 native plugins for Editor in 0.00 ms.
Mono: successfully reloaded assembly
- Completed reload, in  1.080 seconds
Platform modules already initialized, skipping
Refreshing native plugins compatible for Editor in 0.50 ms, found 1 plugins.
Preloading 0 native plugins for Editor in 0.00 ms.
Unloading 1806 Unused Serialized files (Serialized files now loaded: 0)
System memory in use before: 88.8 MB.
System memory in use after: 88.8 MB.

Unloading 12 unused Assets to reduce memory usage. Loaded Objects now: 2295.
Total: 2.632000 ms (FindLiveObjects: 0.271500 ms CreateObjectMapping: 0.093700 ms MarkObjects: 2.095200 ms  DeleteObjects: 0.170600 ms)

========================================================================
Received Import Request.
  Time since last request: 665.755347 seconds.
  path: Assets/Scripts/SavedTile.cs
  artifactKey: Guid(e1cb6317ac71dc44d8b5229f0b9f8370) Importer(815301076,1909f56bfc062723c751e8b465ee728b)
Start importing Assets/Scripts/SavedTile.cs using Guid(e1cb6317ac71dc44d8b5229f0b9f8370) Importer(815301076,1909f56bfc062723c751e8b465ee728b)  -> (artifact id: 'a9e84ab9aa7ad8dd58fe03856a82f0dd') in 0.007957 seconds
  Import took 0.191258 seconds .

========================================================================
Received Prepare
Registering precompiled user dll's ...
Registered in 0.001871 seconds.
Begin MonoManager ReloadAssembly
Native extension for WindowsStandalone target not found
Native extension for WebGL target not found
Refreshing native plugins compatible for Editor in 0.51 ms, found 1 plugins.
Preloading 0 native plugins for Editor in 0.00 ms.
Mono: successfully reloaded assembly
- Completed reload, in  1.672 seconds
Platform modules already initialized, skipping
Refreshing native plugins compatible for Editor in 0.64 ms, found 1 plugins.
Preloading 0 native plugins for Editor in 0.00 ms.
Unloading 1806 Unused Serialized files (Serialized files now loaded: 0)
System memory in use before: 88.8 MB.
System memory in use after: 88.8 MB.

Unloading 12 unused Assets to reduce memory usage. Loaded Objects now: 2299.
Total: 4.599800 ms (FindLiveObjects: 0.278600 ms CreateObjectMapping: 0.195200 ms MarkObjects: 3.939900 ms  DeleteObjects: 0.184000 ms)

========================================================================
Received Prepare
Registering precompiled user dll's ...
Registered in 0.001236 seconds.
Begin MonoManager ReloadAssembly
Native extension for WindowsStandalone target not found
Native extension for WebGL target not found
Refreshing native plugins compatible for Editor in 0.46 ms, found 1 plugins.
Preloading 0 native plugins for Editor in 0.00 ms.
Mono: successfully reloaded assembly
- Completed reload, in  1.210 seconds
Platform modules already initialized, skipping
Refreshing native plugins compatible for Editor in 0.36 ms, found 1 plugins.
Preloading 0 native plugins for Editor in 0.00 ms.
Unloading 1806 Unused Serialized files (Serialized files now loaded: 0)
System memory in use before: 88.8 MB.
System memory in use after: 88.8 MB.

Unloading 12 unused Assets to reduce memory usage. Loaded Objects now: 2303.
Total: 3.313700 ms (FindLiveObjects: 0.424800 ms CreateObjectMapping: 0.379100 ms MarkObjects: 2.340300 ms  DeleteObjects: 0.168400 ms)

========================================================================
Received Prepare
Registering precompiled user dll's ...
Registered in 0.001217 seconds.
Begin MonoManager ReloadAssembly
Native extension for WindowsStandalone target not found
Native extension for WebGL target not found
Refreshing native plugins compatible for Editor in 0.36 ms, found 1 plugins.
Preloading 0 native plugins for Editor in 0.00 ms.
Mono: successfully reloaded assembly
- Completed reload, in  1.105 seconds
Platform modules already initialized, skipping
Refreshing native plugins compatible for Editor in 0.41 ms, found 1 plugins.
Preloading 0 native plugins for Editor in 0.00 ms.
Unloading 1806 Unused Serialized files (Serialized files now loaded: 0)
System memory in use before: 88.8 MB.
System memory in use after: 88.8 MB.

Unloading 12 unused Assets to reduce memory usage. Loaded Objects now: 2307.
Total: 2.695800 ms (FindLiveObjects: 0.288600 ms CreateObjectMapping: 0.113200 ms MarkObjects: 2.147800 ms  DeleteObjects: 0.144100 ms)

========================================================================
Received Prepare
Registering precompiled user dll's ...
Registered in 0.001778 seconds.
Begin MonoManager ReloadAssembly
Native extension for WindowsStandalone target not found
Native extension for WebGL target not found
Refreshing native plugins compatible for Editor in 0.37 ms, found 1 plugins.
Preloading 0 native plugins for Editor in 0.00 ms.
Mono: successfully reloaded assembly
- Completed reload, in  1.306 seconds
Platform modules already initialized, skipping
Refreshing native plugins compatible for Editor in 0.38 ms, found 1 plugins.
Preloading 0 native plugins for Editor in 0.00 ms.
Unloading 1806 Unused Serialized files (Serialized files now loaded: 0)
System memory in use before: 88.9 MB.
System memory in use after: 88.8 MB.

Unloading 12 unused Assets to reduce memory usage. Loaded Objects now: 2311.
Total: 2.250300 ms (FindLiveObjects: 0.212600 ms CreateObjectMapping: 0.097800 ms MarkObjects: 1.802400 ms  DeleteObjects: 0.136300 ms)

========================================================================
Received Prepare
Registering precompiled user dll's ...
Registered in 0.001222 seconds.
Begin MonoManager ReloadAssembly
Native extension for WindowsStandalone target not found
Native extension for WebGL target not found
Refreshing native plugins compatible for Editor in 0.50 ms, found 1 plugins.
Preloading 0 native plugins for Editor in 0.00 ms.
Mono: successfully reloaded assembly
- Completed reload, in  1.155 seconds
Platform modules already initialized, skipping
Refreshing native plugins compatible for Editor in 0.36 ms, found 1 plugins.
Preloading 0 native plugins for Editor in 0.00 ms.
Unloading 1806 Unused Serialized files (Serialized files now loaded: 0)
System memory in use before: 88.9 MB.
System memory in use after: 88.8 MB.

Unloading 12 unused Assets to reduce memory usage. Loaded Objects now: 2315.
Total: 3.930700 ms (FindLiveObjects: 0.278800 ms CreateObjectMapping: 0.106000 ms MarkObjects: 3.301500 ms  DeleteObjects: 0.242400 ms)

========================================================================
Received Prepare
Registering precompiled user dll's ...
Registered in 0.001404 seconds.
Begin MonoManager ReloadAssembly
Native extension for WindowsStandalone target not found
Native extension for WebGL target not found
Refreshing native plugins compatible for Editor in 0.39 ms, found 1 plugins.
Preloading 0 native plugins for Editor in 0.00 ms.
Mono: successfully reloaded assembly
- Completed reload, in  1.125 seconds
Platform modules already initialized, skipping
Refreshing native plugins compatible for Editor in 0.37 ms, found 1 plugins.
Preloading 0 native plugins for Editor in 0.00 ms.
Unloading 1806 Unused Serialized files (Serialized files now loaded: 0)
System memory in use before: 88.9 MB.
System memory in use after: 88.8 MB.

Unloading 12 unused Assets to reduce memory usage. Loaded Objects now: 2319.
Total: 2.821700 ms (FindLiveObjects: 0.253200 ms CreateObjectMapping: 0.106700 ms MarkObjects: 2.330900 ms  DeleteObjects: 0.129100 ms)

========================================================================
Received Prepare
Registering precompiled user dll's ...
Registered in 0.001556 seconds.
Begin MonoManager ReloadAssembly
Native extension for WindowsStandalone target not found
Native extension for WebGL target not found
Refreshing native plugins compatible for Editor in 0.48 ms, found 1 plugins.
Preloading 0 native plugins for Editor in 0.00 ms.
Mono: successfully reloaded assembly
- Completed reload, in  1.368 seconds
Platform modules already initialized, skipping
Refreshing native plugins compatible for Editor in 0.36 ms, found 1 plugins.
Preloading 0 native plugins for Editor in 0.00 ms.
Unloading 1806 Unused Serialized files (Serialized files now loaded: 0)
System memory in use before: 88.9 MB.
System memory in use after: 88.9 MB.

Unloading 12 unused Assets to reduce memory usage. Loaded Objects now: 2323.
Total: 3.582200 ms (FindLiveObjects: 0.437500 ms CreateObjectMapping: 0.261200 ms MarkObjects: 2.559000 ms  DeleteObjects: 0.322800 ms)

